\BOOKMARK [1][-]{section.1}{\376\377\000G\000r\000o\000u\000p\000\040\000I\000n\000f\000o\000r\000m\000a\000t\000i\000o\000n}{}% 1
\BOOKMARK [1][-]{section.2}{\376\377\000A\000l\000g\000o\000r\000i\000t\000h\000m\000s\000\040\000P\000r\000e\000s\000e\000n\000t\000a\000t\000i\000o\000n}{}% 2
\BOOKMARK [2][-]{subsection.2.1}{\376\377\000I\000n\000s\000e\000r\000t\000i\000o\000n\000\040\000S\000o\000r\000t}{section.2}% 3
\BOOKMARK [3][-]{subsubsection.2.1.1}{\376\377\000O\000v\000e\000r\000v\000i\000e\000w}{subsection.2.1}% 4
\BOOKMARK [3][-]{subsubsection.2.1.2}{\376\377\000I\000d\000e\000a}{subsection.2.1}% 5
\BOOKMARK [3][-]{subsubsection.2.1.3}{\376\377\000S\000t\000e\000p\000-\000b\000y\000-\000S\000t\000e\000p\000\040\000A\000l\000g\000o\000r\000i\000t\000h\000m}{subsection.2.1}% 6
\BOOKMARK [3][-]{subsubsection.2.1.4}{\376\377\000P\000s\000e\000u\000d\000o\000\040\000C\000o\000d\000e}{subsection.2.1}% 7
\BOOKMARK [3][-]{subsubsection.2.1.5}{\376\377\000C\000o\000m\000p\000l\000e\000x\000i\000t\000y}{subsection.2.1}% 8
\BOOKMARK [3][-]{subsubsection.2.1.6}{\376\377\000V\000a\000r\000i\000a\000n\000t\000s\000\040\000a\000n\000d\000\040\000O\000p\000t\000i\000m\000i\000z\000a\000t\000i\000o\000n\000s}{subsection.2.1}% 9
\BOOKMARK [2][-]{subsection.2.2}{\376\377\000M\000e\000r\000g\000e\000\040\000S\000o\000r\000t}{section.2}% 10
\BOOKMARK [3][-]{subsubsection.2.2.1}{\376\377\000O\000v\000e\000r\000v\000i\000e\000w}{subsection.2.2}% 11
\BOOKMARK [3][-]{subsubsection.2.2.2}{\376\377\000I\000d\000e\000a}{subsection.2.2}% 12
\BOOKMARK [3][-]{subsubsection.2.2.3}{\376\377\000S\000t\000e\000p\000-\000b\000y\000-\000S\000t\000e\000p\000\040\000A\000l\000g\000o\000r\000i\000t\000h\000m}{subsection.2.2}% 13
\BOOKMARK [3][-]{subsubsection.2.2.4}{\376\377\000P\000s\000e\000u\000d\000o\000\040\000C\000o\000d\000e}{subsection.2.2}% 14
\BOOKMARK [3][-]{subsubsection.2.2.5}{\376\377\000C\000o\000m\000p\000l\000e\000x\000i\000t\000y}{subsection.2.2}% 15
\BOOKMARK [3][-]{subsubsection.2.2.6}{\376\377\000V\000a\000r\000i\000a\000n\000t\000s\000\040\000a\000n\000d\000\040\000O\000p\000t\000i\000m\000i\000z\000a\000t\000i\000o\000n\000s}{subsection.2.2}% 16
\BOOKMARK [1][-]{section.3}{\376\377\000E\000x\000p\000e\000r\000i\000m\000e\000n\000t\000a\000l\000\040\000r\000e\000s\000u\000l\000t\000s\000\040\000a\000n\000d\000\040\000c\000o\000m\000m\000e\000n\000t\000s}{}% 17
\BOOKMARK [1][-]{section.4}{\376\377\000P\000r\000o\000j\000e\000c\000t\000\040\000O\000r\000g\000a\000n\000i\000z\000a\000t\000i\000o\000n\000\040\000a\000n\000d\000\040\000P\000r\000o\000g\000r\000a\000m\000m\000i\000n\000g\000\040\000N\000o\000t\000e\000s}{}% 18
\BOOKMARK [1][-]{section.5}{\376\377\000A\000c\000k\000n\000o\000w\000l\000e\000d\000g\000e\000m\000e\000n\000t\000s}{}% 19
\BOOKMARK [1][-]{appendix.A}{\376\377\000T\000\340\000i\000\040\000l\000i\036\307\000u\000\040\000t\000h\000a\000m\000\040\000k\000h\036\243\000o}{}% 20
